569873
721869
859736
805677
222975
702001
401264
412307
626700
3969
256235
690337
473359
286460
159324
636574
943790
651696
2129
249290
428548
105535
952471
245522
77421
756825
443627
63780
519879
802980
415697
606105
524850
791785
411782
747825
493786
813046
676484
636838
817015
932719
843528
806726
735531
2852
959653
679321
170900
478134
444964
115801
583669
397435
361323
661090
670612
321302
724870
190492
124283
656919
796597
165485
965057
724731
429662
458843
537777
106146
612034
871144
555217
455562
677870
290748
974766
153875
486422
145666
632009
931386
261467
215678
845173
622790
393121
32137
460445
634343
738981
101080
291263
535578
266565
256320
776661
212579
231515
314438
835077
843549
701934
390294
815463
896157
197394
790229
50032
683816
935896
682042
131554
713715
414072
493079
852858
807193
525217
313303
441537
264198
414383
732800
316129
197300
505472
92790
409879
253339
923581
761308
613241
625515
151602
428704
38024
865348
218934
88057
549165
671182
770099
197071
384897
184171
690151
237755
991365
731720
551058
432902
512270
481793
682054
828399
195445
703878
437542
121676
957217
877475
882984
570458
19342
34586
515515
57367
899935
734449
145424
965452
405631
915523
678875
790528
616046
885378
544636
123763
617098
612046
73017
129369
610192
271423
474120
805637
975301
911662
927314
448871
789137
810298
535681
808480
361237
51196
865847
777524
785645
527623
259328
707628
959498
938203
14509
575544
823582
559145
215660
440680
687543
288677
86401
297735
560101
560522
103373
51754
988536
547039
500625
294026
357337
552659
102506
718574
603855
484705
12450
905853
528680
271778
129833
488178
209982
144342
580074
549916
219839
795734
506948
423735
84412
593350
721470
160865
670224
341195
728971
658760
888234
229597
952786
761924
298608
571644
996850
418815
572701
9301
324668
101381
797431
454502
105911
523765
115196
685986
73681
335036
481720
580630
758771
82484
690332
996593
759701
360556
854141
488673
535668
742375
234622
488455
20651
533230
576451
17502
952045
149153
543155
793066
766886
340586
763920
872798
864352
879116
558784
938033
730504
556856
518663
5627
639341
208995
518573
399042
85903
372714
404067
621572
631441
638689
626379
652093
171919
202830
669595
640317
868335
212750
433383
635222
69688
197303
24372
934040
592771
99508
872074
839628
656364
907089
845255
812057
632437
363828
727452
234692
252894
131519
856264
884336
770209
482643
52781
458480
201826
722376
615149
70161
451478
48532
221735
37518
762187
762459
971559
871311
861967
359985
710939
518332
783426
72546
846741
415863
952727
574193
166908
205621
222065
23172
89957
992274
22168
659090
967106
223994
381466
582256
810507
349296
147140
548595
386815
425680
311054
874726
813343
173022
234711
524282
207706
18137
596828
570799
950353
549555
144993
117261
271529
883410
656785
877838
392036
195305
536929
359142
935651
434747
457750
262511
784044
121243
811106
687211
546923
122160
561937
876618
811534
313000
400900
535592
331137
514080
106392
797842
579988
767737
431455
851517
651147
604593
245707
43183
799898
782636
918677
735550
217384
892780
998061
517780
14023
325519
721343
77298
964031
799632
953916
775566
112632
354816
827510
960121
385248
450254
757964
965236
734343
705771
333105
385490
310364
578813
945025
110263
877801
863703
362165
95185
756483
876578
129317
286858
202097
850660
364156
166128
650292
318072
458046
762924
189240
285557
239398
90840
252163
997362
572429
986507
703133
905534
371997
529850
699
833375
640113
878501
213430
2278
490038
486265
395208
619356
773123
597305
986368
653631
763433
153013
971703
737832
432289
677295
23389
671687
284487
275552
669049
856916
262059
888535
278803
150409
418385
279502
500136
574850
674355
713566
93480
164394
199831
488688
300102
489306
85993
802822
142937
365778
955835
630992
103610
388125
308287
643351
59812
592774
435256
245214
966043
213667
650101
244846
880428
68486
524348
380564
159688
715056
94130
253168
879450
810313
258208
695904
299619
860553
498726
442556
742683
454562
73548
846294
359039
898187
5997
418851
7314
441253
664065
973357
171273
830518
734555
51701
415356
775255
432266
575044
490311
526396
344564
369761
853062
602772
582017
152681
979677
80744
111590
722361
51658
701490
85007
410697
599678
607356
345900
123344
48610
526318
613053
736235
356836
347608
787936
772193
122863
220202
863589
613175
262951
208154
499288
116013
327278
597658
268694
823308
678402
896636
545669
246412
598127
147028
173461
714157
754384
519361
837501
319346
562031
450554
55581
918868
314514
843518
207413
953729
580072
71002
83256
843023
795508
582545
959036
122787
180203
744083
946095
374957
640719
8116
137721
755198
671496
311182
469355
425880
346895
306856
261579
908927
273762
833512
344147
104628
677030
551560
58358
257103
138914
141614
616478
934423
240511
575515
573562
937066
835950
36009
312023
993021
44125
449744
748220
231973
277278
733927
657853
624174
557136
435784
49453
347250
269297
909952
451879
462679
977864
26589
236134
116778
168203
852613
567553
408715
944480
141115
345781
296782
177124
174157
289803
737601
140253
554375
485926
417532
804655
143780
558058
361791
95916
123863
709041
365213
33815
677272
827893
528031
703861
64027
644809
872065
432992
212363
797132
377472
869830
659265
674254
563307
349774
480410
817260
490028
551137
303187
423912
355792
963319
498322
717583
59235
622185
942977
940801
172352
620249
768694
700383
324111
349073
861544
712528
298418
590259
509660
675890
976442
685277
866497
539749
35052
346907
873361
525080
898044
176548
465344
770189
656219
963666
4124
715455
102203
947101
172608
790907
567351
457654
7642
407814
323079
869186
120342
621497
975798
630002
297388
952240
831631
163885
8341
866683
27144
881702
908115
441540
574603
373459
211729
230822
853477
215854
462629
955680
679307
635237
746587
246658
609243
754229
170824
932323
139768
291166
553820
115566
437520
851208
67806
269152
531445
592499
135835
74941
474201
560303
516482
48804
933762
244563
795979
787240
976769
258608
259272
656077
410198
522212
419087
19441
276441
589912
951764
932561
881078
505585
48127
318599
873145
632285
104103
920943
224784
239938
995884
215338
800241
28718
780494
250356
273282
576473
553948
766403
351434
329572
422480
277984
851784
841568
297425
128226
947832
765542
60787
828910
787479
625267
663861
176976
257552
767964
97919
998689
524255
610156
214027
840848
638874
994521
607556
428508
87347
161504
194912
438781
491077
133744
716765
859213
491664
530542
987439
439496
296084
564579
784759
599915
706198
964972
776892
963750
732937
391163
478791
773544
1319
209170
130744
156546
203692
738301
101406
291039
416157
296318
246172
423586
946415
962937
282800
438079
493479
786591
877576
305916
867522
178687
422183
573720
143659
715427
53823
392948
622943
532614
166492
624262
741785
297237
297160
461829
551890
398567
752868
968047
211237
515392
907986
157652
478329
190786
595732
488160
493729
989660
310428
361252
168347
