(5 1 95) : 1
(32 75 51) : -1
(21 65 9) : -1
(32 90 82) : -1
(70 22 60) : -1
(94 49 1) : 1
(92 47 62) : 1
(49 15 43) : 1
(69 38 13) : 1
(13 13 78) : 1
(79 87 34) : 1
(29 69 30) : 1
(43 79 44) : -1
(81 57 72) : 1
(56 86 99) : 1
(2 41 13) : 1
(31 78 76) : 1
(92 53 56) : -1
(92 17 86) : 1
(86 57 72) : 1
(89 28 29) : 1
(37 44 96) : -1
(30 45 53) : 1
(87 17 19) : 1
(95 35 67) : 1
(89 50 14) : 1
(67 53 7) : 1
(10 31 91) : 1
(60 59 21) : 1
(3 16 43) : -1
(62 95 71) : 1
(64 30 71) : 1
(65 90 66) : 1
(40 18 92) : 1
(71 99 66) : 1
(30 54 33) : 1
(65 54 57) : 1
(23 83 56) : -1
(31 77 38) : -1
(7 61 59) : 1
(52 63 31) : -1
(81 23 25) : 1
(74 22 38) : 1
(28 22 47) : 1
(77 39 65) : 1
(75 70 91) : 1
(47 27 5) : 1
(40 17 33) : 1
(32 15 44) : 1
(91 45 69) : 1
(68 6 22) : -1
(29 70 90) : 1
(61 5 65) : -1
(27 51 95) : 1
(30 0 35) : 1
(69 18 69) : 1
(33 8 66) : 1
(5 35 95) : 1
(93 16 22) : 1
(38 12 34) : -1
(70 94 36) : -1
(97 83 24) : 1
(83 58 50) : 1
(76 69 72) : -1
(77 19 93) : 1
(6 84 8) : 1
(1 30 75) : -1
(94 6 91) : 1
(53 80 56) : -1
(63 38 39) : 1
(49 32 33) : 1
(1 7 40) : 1
(78 30 66) : 1
(66 24 86) : -1
(54 9 11) : -1
(68 2 17) : 1
(34 31 23) : 1
(70 5 47) : -1
(37 49 48) : 1
(56 88 20) : 1
(70 37 38) : 1
(61 54 57) : 1
(15 19 71) : 1
(73 86 4) : 1
(70 80 72) : 1
(37 5 65) : -1
(54 11 17) : -1
(51 90 97) : -1
(27 68 62) : 1
(74 70 8) : -1
(89 77 78) : 1
(16 29 73) : 1
(61 80 80) : -1
(85 93 86) : 1
(4 43 2) : 1
(85 0 29) : 1
(68 91 71) : -1
(61 61 31) : 1
(91 4 67) : -1
(34 87 45) : -1
(67 75 68) : -1
(68 72 44) : 1
(68 46 80) : 1
(46 62 47) : 1
(53 71 55) : 1
(84 40 41) : -1
(96 38 34) : -1
(78 79 79) : 1
(54 24 51) : 1
(49 46 49) : 1
(92 79 22) : 1
(41 40 58) : 1
(63 66 67) : 1
(6 87 75) : 1
(78 62 86) : 1
(41 15 53) : 1
(91 3 23) : 1
(1 21 9) : -1
(53 32 37) : 1
(72 94 74) : -1
(60 11 88) : 1
(51 63 75) : 1
(77 10 86) : 1
(77 38 19) : -1
(94 41 62) : 1
(15 70 93) : -1
(54 30 14) : 1
(77 60 67) : 1
(23 55 24) : -1
(70 33 58) : 1
(43 92 44) : 1
(83 90 86) : 1
(31 1 76) : 1
(24 70 26) : -1
(52 85 57) : 1
(97 76 19) : 1
(83 79 47) : 1
(12 54 54) : -1
(99 73 80) : 1
(63 19 63) : 1
(73 39 97) : 1
(9 15 28) : 1
(0 37 45) : 1
(13 14 71) : -1
(93 69 70) : 1
(75 57 64) : 1
(82 95 83) : 1
(15 23 96) : -1
(63 92 64) : 1
(60 16 40) : 1
(53 82 62) : 1
(96 84 85) : -1
(53 19 21) : 1
(28 16 7) : 1
(11 67 59) : 1
(91 54 55) : 1
(99 7 79) : 1
(24 17 23) : 1
(51 37 96) : 1
(21 64 41) : 1
(35 41 37) : 1
(57 14 26) : 1
(33 36 52) : -1
(91 69 71) : 1
(29 9 53) : -1
(78 28 83) : 1
(66 31 80) : 1
(95 22 66) : 1
(15 73 98) : -1
(39 76 44) : 1
(12 47 51) : -1
(17 79 97) : 1
(40 2 4) : 1
(31 85 53) : 1
(16 84 89) : -1
(6 54 0) : -1
(79 97 98) : -1
(73 93 43) : 1
(41 44 96) : -1
(23 43 8) : -1
(45 11 89) : 1
(48 38 80) : 1
(22 18 33) : 1
(72 32 56) : 1
(29 2 77) : 1
(95 69 41) : 1
(13 34 98) : 1
(29 6 5) : 1
(69 91 55) : 1
(29 33 37) : -1
(3 68 35) : -1
(0 40 31) : 1
(42 58 43) : 1
(27 77 29) : 1
(64 25 82) : 1
(83 87 84) : -1
(78 76 71) : 1
(61 58 61) : 1
(26 51 43) : 1
(91 75 59) : 1
(33 96 76) : -1
(25 2 5) : 1
(79 39 88) : -1
(78 59 16) : 1
(87 39 69) : 1
(97 84 85) : 1
(87 60 53) : 1
(35 64 17) : 1
(12 93 33) : 1
(47 90 50) : 1
(29 70 91) : -1
(30 58 17) : 1
(97 38 18) : 1
(74 34 21) : 1
(46 26 46) : 1
(90 62 63) : 1
(7 38 45) : -1
(28 76 36) : 1
(99 75 76) : -1
(33 38 99) : -1
(76 68 28) : 1
(3 1 65) : 1
(79 10 36) : 1
(24 88 80) : 1
(26 22 37) : 1
(50 23 26) : 1
(98 37 30) : 1
(76 29 32) : -1
(97 99 99) : 1
(0 20 56) : 1
(30 89 57) : 1
(29 31 91) : 1
(5 27 15) : 1
(2 82 5) : 1
(20 87 39) : -1
(16 55 19) : -1
(6 56 20) : 1
(28 24 92) : 1
(13 44 17) : 1
(75 7 52) : -1
(86 65 90) : 1
(48 45 92) : -1
(32 29 32) : -1
(36 68 37) : -1
(24 85 25) : 1
(10 91 16) : 1
(35 85 18) : -1
(92 21 95) : 1
(87 35 18) : 1
(80 11 55) : -1
(92 23 14) : 1
(91 81 83) : 1
(18 74 74) : 1
(17 41 4) : 1
(26 74 27) : 1
(96 67 1) : 1
(3 20 22) : 1
(83 29 48) : 1
(52 14 59) : 1
(95 33 64) : 1
(59 88 96) : 1
(81 50 34) : 1
(25 6 81) : 1
(73 80 8) : -1
(52 30 32) : 1
(11 60 66) : 1
(75 25 10) : -1
(58 26 90) : 1
(14 83 47) : 1
(33 33 57) : -1
(39 87 83) : 1
(67 43 41) : 1
(25 53 11) : 1
(65 78 66) : 1
(3 14 18) : 1
(40 3 84) : 1
(38 31 54) : 1
(16 62 34) : -1
(49 18 71) : -1
(61 64 41) : 1
(17 4 75) : 1
(82 27 75) : 1
(93 90 93) : 1
(46 88 91) : 1
(71 46 47) : 1
(60 43 46) : 1
(61 17 81) : -1
(82 72 74) : -1
(76 89 86) : 1
(68 14 1) : 1
(56 57 46) : 1
(97 37 41) : -1
(35 47 7) : 1
(90 5 58) : 1
(22 37 78) : 1
(61 43 45) : 1
(32 46 52) : 1
(60 5 16) : -1
(62 59 23) : 1
(49 62 79) : -1
(10 38 34) : 1
(43 90 58) : 1
(79 86 82) : 1
(29 82 82) : 1
(81 34 69) : 1
(92 80 81) : -1
(91 38 67) : 1
(0 45 77) : 1
(84 61 64) : -1
(52 19 45) : 1
(5 20 77) : 1
(54 58 0) : -1
(44 67 81) : 1
(99 95 43) : 1
(33 9 85) : -1
(6 60 96) : 1
(73 59 73) : 1
(30 67 61) : -1
(87 37 74) : -1
(95 74 83) : 1
(41 62 28) : 1
(58 23 86) : 1
(32 18 77) : 1
(30 74 34) : 1
(85 55 29) : 1
(22 42 3) : 1
(79 77 79) : 1
(52 37 40) : -1
(0 97 90) : 1
(72 73 73) : 1
(43 83 47) : 1
(9 80 77) : 1
(35 57 65) : 1
(99 66 19) : 1
(95 75 56) : -1
(65 74 45) : 1
(23 35 28) : -1
(60 32 52) : 1
(15 99 28) : -1
(31 4 71) : -1
(62 85 77) : 1
(51 47 92) : -1
(23 48 46) : 1
(74 43 46) : 1
(30 84 48) : 1
(16 98 98) : -1
(50 25 62) : 1
(30 83 0) : 1
(69 76 72) : -1
(75 49 71) : 1
(50 70 38) : 1
(65 95 75) : 1
(79 20 43) : -1
(71 40 43) : -1
(17 44 6) : 1
(80 6 43) : 1
(34 1 73) : 1
(2 97 61) : 1
(67 51 29) : 1
(98 55 58) : 1
(28 75 79) : -1
(67 62 24) : 1
(58 30 38) : 1
(89 79 81) : 1
(32 65 86) : 1
(62 98 91) : 1
(1 20 17) : 1
(76 2 81) : 1
(29 11 57) : 1
(73 31 33) : 1
(13 20 76) : -1
(0 14 78) : -1
(31 15 71) : 1
(65 63 78) : -1
(83 95 18) : 1
(49 99 68) : 1
(11 74 26) : 1
(5 11 23) : 1
(31 95 73) : 1
(61 3 68) : 1
(19 39 91) : 1
(2 19 3) : 1
(66 21 50) : 1
(72 69 96) : -1
(95 73 20) : 1
(84 92 85) : -1
(39 97 51) : 1
(1 19 47) : 1
(58 85 61) : 1
(56 63 0) : 1
(36 0 39) : 1
(21 85 92) : 1
(10 64 70) : -1
(57 94 58) : 1
(91 65 67) : 1
(84 45 48) : -1
(83 77 79) : 1
(40 6 62) : -1
(59 53 86) : -1
(91 30 51) : 1
(95 19 20) : -1
(13 14 54) : 1
(79 1 1) : 1
(99 18 9) : -1
(95 17 75) : 1
(75 88 64) : 1
(93 50 53) : 1
(81 68 69) : 1
(40 90 42) : -1
(4 84 62) : 1
(38 64 50) : -1
(34 59 72) : 1
(28 96 69) : -1
(84 33 44) : -1
(35 61 37) : 1
(82 4 98) : -1
(94 28 82) : -1
(65 42 45) : 1
(58 35 44) : 1
(47 67 25) : 1
(63 93 31) : 1
(26 74 26) : 1
(87 92 88) : 1
(97 27 43) : 1
(7 23 42) : 1
(17 27 79) : 1
(63 23 68) : -1
(90 92 92) : 1
(37 69 57) : -1
(95 32 35) : -1
(24 60 4) : 1
(39 47 65) : 1
(22 59 72) : 1
(86 3 15) : 1
(26 33 11) : -1
(77 97 78) : 1
(18 81 83) : -1
(13 13 95) : 1
(25 51 11) : 1
(51 28 64) : 1
(39 87 65) : 1
(90 31 27) : 1
(65 38 90) : 1
(87 17 63) : 1
(98 96 18) : -1
(9 66 0) : 1
(17 63 52) : 1
(43 68 96) : 1
(55 59 8) : -1
(90 35 38) : 1
(25 9 54) : 1
(26 67 18) : 1
(64 89 89) : 1
(7 39 12) : -1
(3 64 4) : 1
(84 43 44) : 1
(2 89 93) : 1
(76 9 12) : -1
(70 58 59) : 1
(77 85 24) : 1
(26 63 19) : 1
(2 31 61) : -1
(48 10 57) : 1
(53 37 24) : 1
(26 14 52) : -1
(75 8 55) : -1
(66 22 45) : 1
(59 21 89) : 1
(36 8 22) : 1
(91 83 84) : -1
(94 4 72) : 1
(41 96 55) : 1
(63 59 73) : 1
(67 81 69) : 1
(55 33 80) : 1
(7 21 53) : 1
(29 73 34) : 1
(8 35 60) : 1
(91 84 87) : -1
(33 61 34) : 1
(20 30 86) : -1
(11 74 76) : 1
(60 8 32) : 1
(30 35 62) : 1
(8 49 32) : -1
(84 45 48) : -1
(29 77 30) : 1
(90 69 70) : 1
(99 49 51) : 1
(23 29 81) : 1
(37 64 2) : 1
(99 65 27) : 1
(14 11 27) : 1
(56 50 52) : 1
(79 42 43) : 1
(63 63 84) : -1
(12 36 76) : 1
(65 8 71) : 1
(72 73 70) : 1
(90 49 30) : 1
